<?xml version="1.0" encoding="UTF-8"?>
<testng-results skipped="0" failed="1" total="1" passed="0">
  <reporter-output>
  </reporter-output>
  <suite name="Suite" duration-ms="175226" started-at="2017-11-22T04:55:28Z" finished-at="2017-11-22T04:58:23Z">
    <groups>
    </groups>
    <test name="Test" duration-ms="175226" started-at="2017-11-22T04:55:28Z" finished-at="2017-11-22T04:58:23Z">
      <class name="fsn_bc_scope1.Fsn_Bc_Automation_Primary">
        <test-method status="PASS" signature="scenarioStart(java.lang.String, java.lang.String, java.lang.String, java.lang.String)[pri:0, instance:fsn_bc_scope1.Fsn_Bc_Automation_Primary@617faa95]" name="scenarioStart" is-config="true" duration-ms="37677" started-at="2017-11-22T10:25:28Z" finished-at="2017-11-22T10:26:06Z">
          <params>
            <param index="0">
              <value>
                <![CDATA[https://avtprsmfsnbcavtprsm.int.sap.hana.ondemand.com/prism/fsn/bc/workspace/]]>
              </value>
            </param>
            <param index="1">
              <value>
                <![CDATA[PRISMAPPROVER]]>
              </value>
            </param>
            <param index="2">
              <value>
                <![CDATA[Initial0]]>
              </value>
            </param>
            <param index="3">
              <value>
                <![CDATA[chrome]]>
              </value>
            </param>
          </params>
          <reporter-output>
          </reporter-output>
        </test-method> <!-- scenarioStart -->
        <test-method status="FAIL" signature="onStart(java.lang.String)[pri:0, instance:fsn_bc_scope1.Fsn_Bc_Automation_Primary@617faa95]" name="onStart" duration-ms="127813" started-at="2017-11-22T10:26:06Z" finished-at="2017-11-22T10:28:13Z">
          <params>
            <param index="0">
              <value>
                <![CDATA[1070080143]]>
              </value>
            </param>
          </params>
          <exception class="java.lang.Exception">
            <message>
              <![CDATA[No Transaction With INPUT ID:-1070080143]]>
            </message>
            <full-stacktrace>
              <![CDATA[java.lang.Exception: No Transaction With INPUT ID:-1070080143
	at fsn_bc_scope1.Fsn_Design_Page.onClick(Fsn_Design_Page.java:65)
	at fsn_bc_scope1.Fsn_Bc_Automation_Primary.onStart(Fsn_Bc_Automation_Primary.java:31)
	at sun.reflect.NativeMethodAccessorImpl.invoke0(Native Method)
	at sun.reflect.NativeMethodAccessorImpl.invoke(NativeMethodAccessorImpl.java:62)
	at sun.reflect.DelegatingMethodAccessorImpl.invoke(DelegatingMethodAccessorImpl.java:43)
	at java.lang.reflect.Method.invoke(Method.java:498)
	at org.testng.internal.MethodInvocationHelper.invokeMethod(MethodInvocationHelper.java:85)
	at org.testng.internal.Invoker.invokeMethod(Invoker.java:639)
	at org.testng.internal.Invoker.invokeTestMethod(Invoker.java:816)
	at org.testng.internal.Invoker.invokeTestMethods(Invoker.java:1124)
	at org.testng.internal.TestMethodWorker.invokeTestMethods(TestMethodWorker.java:125)
	at org.testng.internal.TestMethodWorker.run(TestMethodWorker.java:108)
	at org.testng.TestRunner.privateRun(TestRunner.java:774)
	at org.testng.TestRunner.run(TestRunner.java:624)
	at org.testng.SuiteRunner.runTest(SuiteRunner.java:359)
	at org.testng.SuiteRunner.runSequentially(SuiteRunner.java:354)
	at org.testng.SuiteRunner.privateRun(SuiteRunner.java:312)
	at org.testng.SuiteRunner.run(SuiteRunner.java:261)
	at org.testng.SuiteRunnerWorker.runSuite(SuiteRunnerWorker.java:52)
	at org.testng.SuiteRunnerWorker.run(SuiteRunnerWorker.java:86)
	at org.testng.TestNG.runSuitesSequentially(TestNG.java:1215)
	at org.testng.TestNG.runSuitesLocally(TestNG.java:1140)
	at org.testng.TestNG.run(TestNG.java:1048)
	at org.testng.remote.AbstractRemoteTestNG.run(AbstractRemoteTestNG.java:114)
	at org.testng.remote.RemoteTestNG.initAndRun(RemoteTestNG.java:251)
	at org.testng.remote.RemoteTestNG.main(RemoteTestNG.java:77)
]]>
            </full-stacktrace>
          </exception> <!-- java.lang.Exception -->
          <reporter-output>
          </reporter-output>
        </test-method> <!-- onStart -->
        <test-method status="PASS" signature="scenarioQuit(java.lang.String)[pri:0, instance:fsn_bc_scope1.Fsn_Bc_Automation_Primary@617faa95]" name="scenarioQuit" is-config="true" duration-ms="9708" started-at="2017-11-22T10:28:13Z" finished-at="2017-11-22T10:28:23Z">
          <params>
            <param index="0">
              <value>
                <![CDATA[PRISMAPPROVER]]>
              </value>
            </param>
          </params>
          <reporter-output>
          </reporter-output>
        </test-method> <!-- scenarioQuit -->
      </class> <!-- fsn_bc_scope1.Fsn_Bc_Automation_Primary -->
    </test> <!-- Test -->
  </suite> <!-- Suite -->
</testng-results>
