<?xml version="1.0" encoding="UTF-8"?>
<!-- Generated by org.testng.reporters.JUnitXMLReporter -->
<testsuite hostname="INLN50942827A" name="Test" tests="1" failures="1" timestamp="22 Nov 2017 04:58:23 GMT" time="175.226" errors="0">
  <testcase name="onStart" time="127.813" classname="fsn_bc_scope1.Fsn_Bc_Automation_Primary">
    <failure type="java.lang.Exception" message="No Transaction With INPUT ID:-1070080143">
      <![CDATA[java.lang.Exception: No Transaction With INPUT ID:-1070080143
	at fsn_bc_scope1.Fsn_Design_Page.onClick(Fsn_Design_Page.java:65)
	at fsn_bc_scope1.Fsn_Bc_Automation_Primary.onStart(Fsn_Bc_Automation_Primary.java:31)
... Removed 24 stack frames]]>
    </failure>
  </testcase> <!-- onStart -->
</testsuite> <!-- Test -->
